<?xml version="1.0" encoding="UTF-8"?>
<!-- Generated by org.testng.reporters.JUnitXMLReporter -->
<testsuite ignored="0" hostname="DESKTOP-I7U672O" failures="0" tests="3" name="Test" time="13.999" errors="0" timestamp="2023-03-18T12:28:58 IST">
  <testcase classname="practice_package.multipleTestCase" name="rohit" time="0.071"/>
  <testcase classname="practice_package.multipleTestCase" name="shikhar" time="0.005"/>
  <testcase classname="practice_package.multipleTestCase" name="virat" time="0.007"/>
</testsuite> <!-- Test -->
