<?xml version="1.0" encoding="UTF-8"?>
<testng-results ignored="0" total="3" passed="3" failed="0" skipped="0">
  <reporter-output>
  </reporter-output>
  <suite started-at="2023-03-18T12:28:44 IST" name="Suite" finished-at="2023-03-18T12:28:58 IST" duration-ms="13999">
    <groups>
    </groups>
    <test started-at="2023-03-18T12:28:44 IST" name="Test" finished-at="2023-03-18T12:28:58 IST" duration-ms="13999">
      <class name="practice_package.multipleTestCase">
        <test-method is-config="true" signature="BS()[pri:0, instance:practice_package.multipleTestCase@47987356]" started-at="2023-03-18T12:28:44 IST" name="BS" finished-at="2023-03-18T12:28:44 IST" duration-ms="15" status="PASS">
          <reporter-output>
          </reporter-output>
        </test-method> <!-- BS -->
        <test-method is-config="true" signature="BC()[pri:0, instance:practice_package.multipleTestCase@47987356]" started-at="2023-03-18T12:28:44 IST" name="BC" finished-at="2023-03-18T12:28:57 IST" duration-ms="13010" status="PASS">
          <reporter-output>
          </reporter-output>
        </test-method> <!-- BC -->
        <test-method is-config="true" signature="BM()[pri:0, instance:practice_package.multipleTestCase@47987356]" started-at="2023-03-18T12:28:57 IST" name="BM" finished-at="2023-03-18T12:28:57 IST" duration-ms="0" status="PASS">
          <reporter-output>
          </reporter-output>
        </test-method> <!-- BM -->
        <test-method signature="rohit()[pri:0, instance:practice_package.multipleTestCase@47987356]" started-at="2023-03-18T12:28:57 IST" name="rohit" finished-at="2023-03-18T12:28:57 IST" duration-ms="71" status="PASS">
          <reporter-output>
          </reporter-output>
        </test-method> <!-- rohit -->
        <test-method is-config="true" signature="AM()[pri:0, instance:practice_package.multipleTestCase@47987356]" started-at="2023-03-18T12:28:57 IST" name="AM" finished-at="2023-03-18T12:28:57 IST" duration-ms="1" status="PASS">
          <reporter-output>
          </reporter-output>
        </test-method> <!-- AM -->
        <test-method signature="shikhar()[pri:0, instance:practice_package.multipleTestCase@47987356]" started-at="2023-03-18T12:28:57 IST" name="shikhar" finished-at="2023-03-18T12:28:57 IST" duration-ms="5" status="PASS">
          <reporter-output>
          </reporter-output>
        </test-method> <!-- shikhar -->
        <test-method is-config="true" signature="BM()[pri:0, instance:practice_package.multipleTestCase@47987356]" started-at="2023-03-18T12:28:57 IST" name="BM" finished-at="2023-03-18T12:28:57 IST" duration-ms="0" status="PASS">
          <reporter-output>
          </reporter-output>
        </test-method> <!-- BM -->
        <test-method is-config="true" signature="AM()[pri:0, instance:practice_package.multipleTestCase@47987356]" started-at="2023-03-18T12:28:57 IST" name="AM" finished-at="2023-03-18T12:28:57 IST" duration-ms="1" status="PASS">
          <reporter-output>
          </reporter-output>
        </test-method> <!-- AM -->
        <test-method is-config="true" signature="BM()[pri:0, instance:practice_package.multipleTestCase@47987356]" started-at="2023-03-18T12:28:57 IST" name="BM" finished-at="2023-03-18T12:28:57 IST" duration-ms="1" status="PASS">
          <reporter-output>
          </reporter-output>
        </test-method> <!-- BM -->
        <test-method signature="virat()[pri:0, instance:practice_package.multipleTestCase@47987356]" started-at="2023-03-18T12:28:57 IST" name="virat" finished-at="2023-03-18T12:28:57 IST" duration-ms="7" status="PASS">
          <reporter-output>
          </reporter-output>
        </test-method> <!-- virat -->
        <test-method is-config="true" signature="AM()[pri:0, instance:practice_package.multipleTestCase@47987356]" started-at="2023-03-18T12:28:57 IST" name="AM" finished-at="2023-03-18T12:28:57 IST" duration-ms="0" status="PASS">
          <reporter-output>
          </reporter-output>
        </test-method> <!-- AM -->
        <test-method is-config="true" signature="AC()[pri:0, instance:practice_package.multipleTestCase@47987356]" started-at="2023-03-18T12:28:57 IST" name="AC" finished-at="2023-03-18T12:28:58 IST" duration-ms="662" status="PASS">
          <reporter-output>
          </reporter-output>
        </test-method> <!-- AC -->
        <test-method is-config="true" signature="AS()[pri:0, instance:practice_package.multipleTestCase@47987356]" started-at="2023-03-18T12:28:59 IST" name="AS" finished-at="2023-03-18T12:28:59 IST" duration-ms="4" status="PASS">
          <reporter-output>
          </reporter-output>
        </test-method> <!-- AS -->
      </class> <!-- practice_package.multipleTestCase -->
    </test> <!-- Test -->
  </suite> <!-- Suite -->
</testng-results>
